{
  "RSpec": {
    "coverage": {
      "/yzhuang/Projects/heroapp-LetsHire/config/environment.rb": [
        null,
        1,
        null,
        null,
        1
      ],
      "/yzhuang/Projects/heroapp-LetsHire/config/application.rb": [
        1,
        null,
        null,
        1,
        1,
        1,
        1,
        1,
        null,
        null,
        1,
        null,
        1,
        null,
        null,
        null,
        null,
        1,
        1,
        null,
        null,
        null,
        null,
        null,
        null,
        null,
        null,
        null,
        null,
        null,
        null,
        null,
        null,
        null,
        null,
        null,
        null,
        null,
        null,
        null,
        null,
        null,
        1,
        null,
        null,
        1,
        null,
        null,
        1,
        null,
        null,
        null,
        null,
        null,
        null,
        null,
        null,
        null,
        null,
        1,
        null,
        null,
        1,
        null,
        null,
        1,
        null,
        null,
        1,
        null,
        null
      ],
      "/yzhuang/Projects/heroapp-LetsHire/config/boot.rb": [
        1,
        null,
        null,
        1,
        null,
        1
      ],
      "/yzhuang/Projects/heroapp-LetsHire/config/environments/test.rb": [
        1,
        null,
        null,
        null,
        null,
        null,
        null,
        1,
        null,
        null,
        1,
        1,
        null,
        null,
        1,
        null,
        null,
        1,
        1,
        null,
        null,
        1,
        null,
        null,
        1,
        null,
        null,
        null,
        null,
        1,
        null,
        null,
        1,
        null,
        null,
        1,
        null
      ],
      "/yzhuang/Projects/heroapp-LetsHire/config/initializers/backtrace_silencers.rb": [
        null,
        null,
        null,
        null,
        null,
        null,
        null
      ],
      "/yzhuang/Projects/heroapp-LetsHire/config/initializers/customized_field_errors_indicator.rb": [
        1,
        0,
        0,
        null,
        0,
        0,
        null,
        null,
        null
      ],
      "/yzhuang/Projects/heroapp-LetsHire/config/initializers/devise.rb": [
        null,
        null,
        1,
        null,
        null,
        null,
        1,
        null,
        null,
        null,
        null,
        null,
        null,
        null,
        null,
        1,
        null,
        null,
        null,
        null,
        null,
        null,
        null,
        null,
        null,
        null,
        null,
        null,
        null,
        null,
        null,
        null,
        null,
        null,
        null,
        null,
        null,
        1,
        null,
        null,
        null,
        null,
        1,
        null,
        null,
        null,
        null,
        null,
        null,
        null,
        null,
        null,
        null,
        null,
        null,
        null,
        null,
        null,
        null,
        null,
        null,
        null,
        null,
        null,
        null,
        null,
        null,
        null,
        null,
        null,
        null,
        null,
        1,
        null,
        null,
        null,
        null,
        null,
        null,
        null,
        null,
        1,
        null,
        null,
        null,
        null,
        null,
        null,
        null,
        null,
        null,
        null,
        null,
        null,
        null,
        null,
        null,
        null,
        null,
        null,
        null,
        null,
        null,
        null,
        null,
        null,
        1,
        null,
        null,
        null,
        null,
        null,
        null,
        null,
        null,
        null,
        null,
        null,
        null,
        null,
        null,
        null,
        null,
        null,
        1,
        null,
        null,
        null,
        null,
        null,
        null,
        null,
        null,
        null,
        null,
        null,
        null,
        null,
        null,
        null,
        null,
        null,
        null,
        null,
        null,
        null,
        null,
        null,
        null,
        null,
        null,
        null,
        null,
        null,
        null,
        null,
        null,
        null,
        null,
        null,
        null,
        null,
        null,
        null,
        null,
        null,
        null,
        null,
        null,
        null,
        1,
        null,
        null,
        null,
        null,
        null,
        null,
        null,
        null,
        null,
        null,
        null,
        1,
        null,
        null,
        null,
        null,
        null,
        null,
        null,
        null,
        null,
        null,
        null,
        null,
        null,
        null,
        null,
        null,
        null,
        null,
        null,
        null,
        null,
        null,
        null,
        null,
        null,
        null,
        null,
        1,
        null,
        null,
        null,
        null,
        null,
        null,
        null,
        null,
        null,
        null,
        null,
        null,
        null,
        null,
        null,
        null,
        null,
        null,
        null,
        null,
        null,
        null,
        null,
        null,
        null,
        null,
        null,
        null,
        null
      ],
      "/yzhuang/Projects/heroapp-LetsHire/config/initializers/inflections.rb": [
        null,
        null,
        null,
        null,
        null,
        null,
        null,
        null,
        null,
        null,
        null,
        null,
        null,
        null,
        null
      ],
      "/yzhuang/Projects/heroapp-LetsHire/config/initializers/mime_types.rb": [
        null,
        null,
        null,
        null,
        null,
        null,
        1
      ],
      "/yzhuang/Projects/heroapp-LetsHire/config/initializers/secret_token.rb": [
        null,
        null,
        null,
        null,
        null,
        null,
        1
      ],
      "/yzhuang/Projects/heroapp-LetsHire/config/initializers/session_store.rb": [
        null,
        null,
        1,
        null,
        null,
        null,
        null,
        null
      ],
      "/yzhuang/Projects/heroapp-LetsHire/config/initializers/wrap_parameters.rb": [
        null,
        null,
        null,
        null,
        null,
        null,
        1,
        1,
        null,
        null,
        null,
        1,
        1,
        null
      ],
      "/yzhuang/Projects/heroapp-LetsHire/config/routes.rb": [
        1,
        1,
        null,
        1,
        null,
        1,
        1,
        null,
        null,
        1,
        1,
        1,
        1,
        1,
        1,
        null,
        null,
        null,
        null,
        null,
        null,
        null,
        1,
        null,
        1,
        1,
        1,
        null,
        1,
        1,
        null,
        null,
        null,
        null,
        null,
        null,
        null,
        null,
        null,
        null,
        null,
        null,
        null,
        null,
        1,
        1,
        1,
        null,
        null,
        1,
        1,
        1,
        1,
        1,
        1,
        1,
        1,
        null,
        null,
        null,
        1,
        1,
        null,
        null,
        1,
        null,
        null,
        null,
        null,
        null,
        null,
        null,
        null,
        null,
        null,
        null,
        null,
        null,
        null,
        null,
        null,
        null,
        null,
        null,
        null,
        null,
        null,
        null,
        null,
        null,
        null,
        null,
        null,
        null,
        null,
        null,
        null,
        null,
        null,
        null,
        null,
        null,
        null,
        null,
        null,
        null,
        null,
        null,
        null
      ],
      "/yzhuang/Projects/heroapp-LetsHire/app/models/user.rb": [
        1,
        null,
        null,
        null,
        null,
        1,
        null,
        1,
        null,
        1,
        null,
        null,
        null,
        1,
        null,
        1,
        null,
        1,
        1,
        1,
        null,
        null,
        1,
        null,
        null,
        null,
        null,
        1,
        null,
        1,
        121,
        null,
        null,
        1,
        4,
        4,
        null,
        null,
        1,
        2,
        null,
        null,
        null,
        1,
        5,
        5,
        5,
        null,
        null,
        1,
        4,
        44,
        null,
        null,
        1,
        54,
        null,
        null,
        1,
        36,
        108,
        null,
        null,
        null,
        1,
        0,
        null,
        null,
        1,
        18,
        null,
        null,
        1,
        0,
        null,
        null
      ],
      "/yzhuang/Projects/heroapp-LetsHire/app/controllers/application_controller.rb": [
        1,
        1,
        null,
        1,
        1,
        1,
        null,
        1,
        0,
        null,
        null,
        1,
        null,
        1,
        63,
        0,
        null,
        null,
        null,
        1,
        16,
        0,
        null,
        null,
        null
      ],
      "/yzhuang/Projects/heroapp-LetsHire/app/helpers/application_helper.rb": [
        1,
        null,
        null,
        1,
        7,
        7,
        3,
        null,
        4,
        null,
        null,
        null
      ],
      "/yzhuang/Projects/heroapp-LetsHire/app/helpers/assessments_helper.rb": [
        1,
        null
      ],
      "/yzhuang/Projects/heroapp-LetsHire/app/helpers/candidates_helper.rb": [
        1,
        null
      ],
      "/yzhuang/Projects/heroapp-LetsHire/app/helpers/interviews_helper.rb": [
        1,
        1,
        0,
        0,
        null,
        null,
        null,
        null
      ],
      "/yzhuang/Projects/heroapp-LetsHire/app/helpers/openings_helper.rb": [
        1,
        null
      ],
      "/yzhuang/Projects/heroapp-LetsHire/app/helpers/static_pages_helper.rb": [
        1,
        null
      ],
      "/yzhuang/Projects/heroapp-LetsHire/app/helpers/stub_dashboard_helper.rb": [
        1,
        null
      ],
      "/yzhuang/Projects/heroapp-LetsHire/app/helpers/users_helper.rb": [
        1,
        null
      ],
      "/yzhuang/Projects/heroapp-LetsHire/app/controllers/api/v1/api_controller.rb": [
        1,
        1,
        null
      ],
      "/yzhuang/Projects/heroapp-LetsHire/app/controllers/api/v1/sessions_controller.rb": [
        1,
        1,
        null,
        1,
        0,
        0,
        0,
        0,
        null,
        null,
        1,
        0,
        0,
        0,
        null,
        null
      ],
      "/yzhuang/Projects/heroapp-LetsHire/app/controllers/assessments_controller.rb": [
        1,
        1,
        1,
        0,
        0,
        0,
        null,
        0,
        null,
        0,
        null,
        null,
        null,
        null,
        null,
        1,
        0,
        null,
        0,
        0,
        0,
        null,
        null,
        0,
        null,
        null,
        null,
        null,
        1,
        0,
        0,
        0,
        0,
        0,
        0,
        0,
        0,
        null,
        0,
        0,
        null,
        null,
        null,
        null,
        null,
        null,
        null,
        null,
        null,
        1,
        0,
        0,
        0,
        null,
        0,
        0,
        0,
        0,
        null,
        0,
        0,
        0,
        0,
        0,
        null,
        0,
        0,
        null,
        null,
        null,
        null,
        0,
        null,
        null,
        null
      ],
      "/yzhuang/Projects/heroapp-LetsHire/app/models/assessment.rb": [
        1,
        1,
        null,
        1,
        null,
        1,
        null,
        1,
        null
      ],
      "/yzhuang/Projects/heroapp-LetsHire/app/controllers/authenticated_controller.rb": [
        1,
        1,
        null
      ],
      "/yzhuang/Projects/heroapp-LetsHire/app/controllers/authorized_controller.rb": [
        1,
        1,
        null
      ],
      "/yzhuang/Projects/heroapp-LetsHire/app/controllers/candidates_controller.rb": [
        1,
        1,
        null,
        1,
        1,
        1,
        0,
        null,
        1,
        0,
        null,
        1,
        null,
        null,
        null,
        1,
        1,
        1,
        null,
        null,
        1,
        1,
        1,
        null,
        null,
        1,
        1,
        1,
        null,
        null,
        null,
        1,
        0,
        0,
        0,
        0,
        0,
        null,
        null,
        1,
        5,
        null,
        0,
        0,
        null,
        null,
        5,
        5,
        5,
        5,
        5,
        3,
        0,
        null,
        null,
        3,
        null,
        2,
        2,
        null,
        null,
        null,
        null,
        1,
        0,
        0,
        0,
        0,
        null,
        0,
        0,
        0,
        0,
        null,
        0,
        0,
        0,
        null,
        0,
        0,
        null,
        0,
        0,
        null,
        0,
        0,
        0,
        null,
        null,
        null,
        0,
        null,
        null,
        null,
        null,
        1,
        4,
        4,
        0,
        0,
        null,
        4,
        4,
        4,
        null,
        0,
        0,
        null,
        null,
        4,
        4,
        2,
        1,
        null,
        3,
        3,
        null,
        null,
        null,
        0,
        null,
        null,
        1,
        0,
        0,
        null,
        0,
        0,
        null,
        0,
        null,
        0,
        null,
        null,
        1,
        0,
        0,
        null,
        null,
        1,
        1,
        0,
        null,
        0,
        0,
        0,
        0,
        null,
        0,
        null,
        null,
        1,
        0,
        null,
        null,
        null,
        0,
        0,
        null,
        0,
        0,
        null,
        0,
        0,
        0,
        0,
        null,
        null,
        null,
        1,
        0,
        0,
        0,
        null,
        null,
        1,
        0,
        0,
        null,
        null,
        1,
        0,
        null,
        null,
        1,
        0,
        null,
        null,
        1,
        0,
        null,
        null,
        null
      ],
      "/yzhuang/Projects/heroapp-LetsHire/app/models/candidate.rb": [
        1,
        1,
        null,
        null,
        null,
        null,
        null,
        null,
        1,
        null,
        1,
        1,
        1,
        null,
        1,
        null,
        1,
        1,
        null,
        1,
        0,
        null,
        null,
        null
      ],
      "/yzhuang/Projects/heroapp-LetsHire/app/controllers/interviews_controller.rb": [
        1,
        1,
        2,
        4,
        2,
        1,
        2,
        null,
        null,
        null,
        null,
        1,
        1,
        1,
        1,
        1,
        null,
        null,
        1,
        1,
        1,
        1,
        1,
        1,
        1,
        null,
        null,
        1,
        1,
        1,
        1,
        null,
        null,
        1,
        5,
        5,
        0,
        0,
        null,
        5,
        5,
        0,
        0,
        null,
        5,
        0,
        0,
        null,
        5,
        5,
        5,
        5,
        3,
        3,
        3,
        null,
        2,
        2,
        null,
        null,
        null,
        1,
        7,
        7,
        7,
        4,
        null,
        3,
        3,
        null,
        null,
        null,
        null,
        null,
        1,
        0,
        0,
        0,
        null,
        0,
        0,
        0,
        null,
        null,
        null,
        1,
        null,
        1,
        6,
        6,
        6,
        null,
        null,
        1,
        7,
        7,
        7,
        0,
        0,
        0,
        0,
        null,
        null,
        null,
        null,
        0,
        null,
        0,
        null,
        null,
        7,
        null,
        null
      ],
      "/yzhuang/Projects/heroapp-LetsHire/app/models/interview.rb": [
        1,
        1,
        1,
        null,
        1,
        null,
        1,
        1,
        1,
        1,
        1,
        null,
        null,
        1,
        1,
        1,
        1,
        null,
        null,
        1,
        1,
        null,
        1,
        null,
        1,
        null,
        1,
        1,
        1,
        1,
        null,
        1,
        null,
        null,
        1,
        0,
        0,
        null,
        null,
        1,
        0,
        0,
        null,
        null,
        null,
        null,
        null,
        1,
        0,
        null,
        null,
        null,
        1,
        86,
        32,
        32,
        15,
        null,
        32,
        32,
        5,
        null,
        32,
        44,
        null,
        null,
        null,
        null
      ],
      "/yzhuang/Projects/heroapp-LetsHire/app/controllers/openings_controller.rb": [
        1,
        null,
        1,
        1,
        null,
        null,
        null,
        1,
        10,
        null,
        null,
        5,
        null,
        5,
        3,
        null,
        2,
        2,
        null,
        0,
        null,
        null,
        null,
        null,
        10,
        10,
        10,
        10,
        5,
        null,
        5,
        null,
        null,
        10,
        null,
        null,
        null,
        null,
        null,
        1,
        1,
        null,
        1,
        1,
        1,
        null,
        null,
        0,
        null,
        null,
        null,
        null,
        1,
        1,
        1,
        1,
        null,
        1,
        1,
        1,
        null,
        null,
        null,
        null,
        1,
        1,
        null,
        null,
        0,
        null,
        null,
        null,
        null,
        1,
        5,
        null,
        5,
        5,
        5,
        6,
        3,
        null,
        4,
        2,
        null,
        null,
        null,
        null,
        null,
        null,
        1,
        5,
        null,
        5,
        5,
        4,
        2,
        null,
        6,
        3,
        null,
        null,
        null,
        0,
        null,
        null,
        null,
        null,
        1,
        2,
        2,
        null,
        2,
        4,
        2,
        null,
        null,
        null,
        1,
        0,
        null,
        null,
        null,
        1,
        0,
        null,
        null,
        1,
        1,
        null,
        1,
        null,
        null,
        null,
        null,
        null,
        null,
        null,
        null,
        null,
        null,
        null,
        null,
        null,
        null,
        null,
        null,
        null,
        null,
        null,
        null,
        null,
        null
      ],
      "/yzhuang/Projects/heroapp-LetsHire/app/models/opening.rb": [
        1,
        null,
        1,
        1,
        null,
        1,
        1,
        null,
        1,
        1,
        null,
        1,
        1,
        1,
        1,
        null,
        1,
        1,
        null,
        1,
        1,
        null,
        1,
        null,
        1,
        null,
        null,
        1,
        null,
        1,
        1,
        5,
        null,
        1,
        9,
        null,
        null,
        1,
        1,
        0,
        null,
        1,
        1,
        1,
        1,
        1,
        1,
        1,
        null,
        0,
        null,
        null,
        null,
        null,
        null,
        1,
        0,
        null,
        null,
        1,
        0,
        null,
        null,
        1,
        0,
        null,
        null,
        1,
        3,
        null,
        null,
        1,
        1,
        5,
        5,
        1,
        1,
        0,
        null,
        null,
        1,
        null,
        5,
        1,
        1,
        1,
        0,
        null,
        null,
        1,
        null,
        null,
        null,
        null,
        null,
        1,
        26,
        null,
        null,
        null,
        1,
        null
      ],
      "/yzhuang/Projects/heroapp-LetsHire/app/controllers/profile_controller.rb": [
        1,
        null,
        1,
        0,
        0,
        null,
        null,
        1,
        0,
        0,
        0,
        0,
        null,
        0,
        null,
        null,
        null
      ],
      "/yzhuang/Projects/heroapp-LetsHire/app/controllers/static_pages_controller.rb": [
        1,
        1,
        null,
        null,
        1,
        null,
        null,
        1,
        null,
        null
      ],
      "/yzhuang/Projects/heroapp-LetsHire/app/controllers/stub_dashboard_controller.rb": [
        1,
        1,
        null,
        1,
        3,
        3,
        null,
        3,
        3,
        null,
        null,
        3,
        3,
        null,
        null,
        null
      ],
      "/yzhuang/Projects/heroapp-LetsHire/app/controllers/users_controller.rb": [
        1,
        null,
        1,
        null,
        1,
        1,
        null,
        1,
        1,
        1,
        null,
        null,
        null,
        1,
        0,
        0,
        null,
        0,
        0,
        0,
        0,
        null,
        null,
        null,
        1,
        5,
        5,
        5,
        6,
        3,
        null,
        4,
        2,
        null,
        null,
        null,
        null,
        1,
        1,
        1,
        1,
        1,
        null,
        null,
        null,
        1,
        1,
        1,
        1,
        1,
        null,
        null,
        0,
        null,
        null,
        1,
        5,
        5,
        5,
        4,
        2,
        null,
        6,
        3,
        null,
        null,
        null,
        0,
        null,
        null,
        1,
        1,
        1,
        null,
        0,
        null,
        null,
        1,
        2,
        2,
        null,
        2,
        4,
        2,
        null,
        null,
        0,
        null,
        null,
        1,
        null,
        null,
        null
      ],
      "/yzhuang/Projects/heroapp-LetsHire/app/models/ability.rb": [
        1,
        1,
        null,
        1,
        null,
        null,
        null,
        null,
        null,
        null,
        null,
        null,
        null,
        null,
        null,
        null,
        null,
        null,
        null,
        null,
        null,
        null,
        null,
        null,
        null,
        null,
        null,
        null,
        null,
        null,
        null,
        61,
        61,
        43,
        null,
        18,
        18,
        29,
        null,
        null,
        null,
        null,
        1,
        3,
        3,
        3,
        3,
        3,
        3,
        null,
        null,
        1,
        8,
        8,
        8,
        8,
        null,
        null,
        1,
        18,
        null,
        null,
        1,
        0,
        null,
        null
      ],
      "/yzhuang/Projects/heroapp-LetsHire/app/models/department.rb": [
        1,
        1,
        1,
        1,
        null,
        4,
        null,
        null
      ],
      "/yzhuang/Projects/heroapp-LetsHire/app/models/interviewer.rb": [
        1,
        1,
        1,
        null,
        1,
        null,
        1,
        null
      ],
      "/yzhuang/Projects/heroapp-LetsHire/app/models/opening_candidate.rb": [
        1,
        1,
        null,
        1,
        1,
        null,
        1,
        null,
        1,
        null,
        1,
        null,
        1,
        null,
        null,
        1,
        null,
        null,
        null,
        null,
        null,
        null,
        null,
        1,
        null,
        1,
        0,
        0,
        0,
        0,
        0,
        null,
        0,
        null,
        null,
        0,
        null,
        null,
        null,
        1,
        0,
        null,
        null,
        null,
        1,
        0,
        null,
        null,
        null
      ],
      "/yzhuang/Projects/heroapp-LetsHire/app/models/opening_participant.rb": [
        1,
        1,
        1,
        1,
        null
      ],
      "/yzhuang/Projects/heroapp-LetsHire/spec/factories/candidates.rb": [
        1,
        1,
        1,
        1,
        1,
        null,
        null
      ],
      "/yzhuang/Projects/heroapp-LetsHire/spec/factories/departments.rb": [
        1,
        1,
        1,
        1,
        null,
        null,
        null
      ],
      "/yzhuang/Projects/heroapp-LetsHire/spec/factories/interviewers.rb": [

      ],
      "/yzhuang/Projects/heroapp-LetsHire/spec/factories/interviews.rb": [
        1,
        1,
        1,
        1,
        1,
        1,
        1,
        1,
        1,
        1,
        1,
        1,
        1,
        null,
        null
      ],
      "/yzhuang/Projects/heroapp-LetsHire/spec/factories/opening_candidate.rb": [
        1,
        1,
        1,
        1,
        null,
        null
      ],
      "/yzhuang/Projects/heroapp-LetsHire/spec/factories/openings.rb": [
        1,
        1,
        1,
        1,
        1,
        1,
        1,
        1,
        null,
        null
      ],
      "/yzhuang/Projects/heroapp-LetsHire/spec/factories/users.rb": [
        1,
        1,
        1,
        1,
        1,
        1,
        1,
        null,
        null,
        1,
        1,
        1,
        null,
        null,
        1,
        1,
        1,
        null,
        null
      ],
      "/yzhuang/Projects/heroapp-LetsHire/spec/support/utilities.rb": [
        1,
        3,
        null,
        3,
        1,
        null,
        2,
        null,
        null,
        null,
        null,
        1,
        65,
        65,
        null
      ],
      "/yzhuang/Projects/heroapp-LetsHire/db/seeds.rb": [
        null,
        null,
        null,
        null,
        null,
        null,
        null,
        1,
        1,
        null,
        1,
        null,
        null,
        null,
        null,
        1,
        1,
        1,
        1,
        1,
        1,
        1,
        1,
        1,
        null,
        1,
        1,
        null,
        null,
        null,
        null,
        null,
        null,
        null,
        null,
        1,
        1,
        1,
        1
      ],
      "/yzhuang/Projects/heroapp-LetsHire/spec/controllers/candidates_controller_spec.rb": [
        1,
        null,
        1,
        null,
        1,
        null,
        null,
        null,
        null,
        null,
        null,
        11,
        null,
        null,
        1,
        null,
        null,
        null,
        null,
        2,
        null,
        null,
        1,
        13,
        13,
        null,
        null,
        1,
        1,
        1,
        1,
        1,
        1,
        null,
        null,
        null,
        1,
        1,
        1,
        1,
        1,
        null,
        null,
        null,
        1,
        1,
        1,
        1,
        null,
        null,
        null,
        1,
        1,
        1,
        1,
        1,
        null,
        null,
        null,
        1,
        1,
        1,
        1,
        1,
        null,
        null,
        null,
        1,
        1,
        1,
        1,
        null,
        null,
        1,
        1,
        1,
        null,
        null,
        null,
        1,
        1,
        1,
        1,
        1,
        null,
        null,
        1,
        1,
        1,
        1,
        null,
        null,
        null,
        null,
        1,
        1,
        1,
        1,
        1,
        1,
        null,
        null,
        1,
        1,
        1,
        1,
        null,
        null,
        null,
        1,
        1,
        1,
        1,
        1,
        1,
        null,
        null,
        1,
        1,
        1,
        1,
        1,
        null,
        null,
        null,
        null,
        null
      ],
      "/yzhuang/Projects/heroapp-LetsHire/spec/controllers/interviews_controller_spec.rb": [
        1,
        null,
        1,
        1,
        null,
        null,
        null,
        null,
        1,
        null,
        null,
        1,
        null,
        null,
        null,
        1,
        null,
        null,
        1,
        15,
        null,
        null,
        null,
        null,
        null,
        null,
        null,
        null,
        null,
        null,
        null,
        26,
        15,
        null,
        null,
        1,
        1,
        1,
        1,
        3,
        null,
        1,
        1,
        4,
        null,
        null,
        1,
        17,
        null,
        null,
        1,
        1,
        16,
        null,
        null,
        1,
        1,
        1,
        1,
        1,
        null,
        null,
        null,
        1,
        1,
        1,
        1,
        1,
        null,
        null,
        null,
        1,
        1,
        1,
        1,
        null,
        null,
        null,
        1,
        1,
        1,
        1,
        1,
        null,
        null,
        null,
        1,
        1,
        5,
        null,
        null,
        1,
        1,
        1,
        1,
        null,
        null,
        null,
        1,
        1,
        1,
        1,
        null,
        null,
        null,
        1,
        1,
        1,
        1,
        1,
        null,
        null,
        1,
        1,
        1,
        1,
        null,
        null,
        null,
        1,
        1,
        1,
        1,
        1,
        null,
        null,
        null,
        null,
        1,
        1,
        1,
        1,
        1,
        1,
        null,
        null,
        1,
        1,
        1,
        1,
        null,
        null,
        null,
        1,
        1,
        1,
        1,
        1,
        1,
        null,
        null,
        1,
        1,
        1,
        1,
        1,
        null,
        null,
        null,
        1,
        1,
        1,
        1,
        1,
        null,
        null,
        1,
        1,
        1,
        1,
        3,
        null,
        null,
        1,
        1,
        1,
        1,
        3,
        3,
        null,
        null,
        null,
        null,
        null,
        1,
        1,
        1,
        null,
        null,
        1,
        1,
        1,
        1,
        1,
        null,
        null,
        null,
        null
      ],
      "/yzhuang/Projects/heroapp-LetsHire/spec/controllers/openings_controller_spec.rb": [
        1,
        null,
        null,
        null,
        null,
        null,
        null,
        null,
        null,
        null,
        null,
        null,
        null,
        null,
        null,
        null,
        null,
        null,
        null,
        null,
        1,
        null,
        null,
        null,
        null,
        1,
        null,
        null,
        null,
        null,
        20,
        null,
        null,
        1,
        54,
        54,
        54,
        54,
        null,
        null,
        null,
        null,
        null,
        1,
        null,
        null,
        1,
        18,
        18,
        18,
        null,
        18,
        18,
        null,
        null,
        1,
        1,
        1,
        1,
        1,
        1,
        1,
        null,
        null,
        1,
        1,
        1,
        1,
        1,
        1,
        1,
        1,
        1,
        null,
        null,
        null,
        null,
        1,
        1,
        1,
        1,
        1,
        null,
        null,
        null,
        null,
        null,
        1,
        1,
        15,
        null,
        null,
        null,
        1,
        1,
        1,
        1,
        1,
        1,
        1,
        1,
        1,
        null,
        1,
        1,
        1,
        null,
        1,
        1,
        1,
        1,
        1,
        1,
        null,
        null,
        null,
        null,
        1,
        1,
        1,
        1,
        null,
        null,
        null,
        1,
        1,
        1,
        1,
        1,
        null,
        null,
        null,
        1,
        1,
        1,
        1,
        1,
        null,
        null,
        null,
        1,
        1,
        1,
        1,
        null,
        null,
        1,
        1,
        1,
        null,
        null,
        null,
        1,
        1,
        null,
        1,
        1,
        1,
        null,
        null,
        1,
        null,
        1,
        1,
        1,
        null,
        null,
        null,
        null,
        1,
        1,
        1,
        1,
        null,
        null,
        null,
        null,
        1,
        1,
        null,
        null,
        1,
        1,
        1,
        1,
        null,
        null,
        1,
        1,
        1,
        1,
        null,
        null,
        null,
        1,
        1,
        1,
        null,
        1,
        1,
        1,
        null,
        null,
        1,
        1,
        null,
        1,
        1,
        1,
        null,
        null,
        null,
        null,
        1,
        1,
        1,
        1,
        1,
        null,
        null,
        null,
        1,
        1,
        1,
        1,
        null,
        null,
        null,
        null,
        null
      ],
      "/yzhuang/Projects/heroapp-LetsHire/spec/controllers/stub_dashboard_controller_spec.rb": [
        1,
        null,
        1,
        null,
        1,
        null,
        null,
        null,
        null,
        null,
        null,
        1,
        null,
        null,
        1,
        null,
        null,
        null,
        null,
        null,
        null,
        1,
        null,
        null,
        1,
        3,
        3,
        3,
        3,
        null,
        null,
        1,
        3,
        3,
        null,
        null,
        1,
        1,
        1,
        1,
        null,
        null,
        1,
        1,
        1,
        1,
        null,
        null,
        1,
        1,
        1,
        1,
        1,
        null,
        1,
        1,
        1,
        null,
        null,
        null,
        null
      ],
      "/yzhuang/Projects/heroapp-LetsHire/spec/controllers/users_controller_spec.rb": [
        1,
        null,
        1,
        1,
        null,
        null,
        null,
        null,
        15,
        null,
        null,
        1,
        16,
        16,
        null,
        null,
        1,
        1,
        1,
        1,
        1,
        null,
        null,
        null,
        1,
        1,
        1,
        1,
        1,
        null,
        null,
        null,
        1,
        1,
        1,
        1,
        null,
        null,
        null,
        1,
        1,
        1,
        1,
        1,
        null,
        null,
        null,
        1,
        1,
        1,
        1,
        1,
        null,
        null,
        null,
        1,
        1,
        1,
        1,
        null,
        null,
        1,
        1,
        1,
        null,
        null,
        null,
        1,
        1,
        null,
        1,
        1,
        1,
        null,
        null,
        1,
        null,
        1,
        1,
        1,
        null,
        null,
        null,
        null,
        1,
        1,
        1,
        1,
        null,
        null,
        null,
        null,
        1,
        1,
        null,
        null,
        1,
        1,
        1,
        1,
        null,
        null,
        1,
        1,
        1,
        1,
        null,
        null,
        null,
        1,
        1,
        1,
        null,
        1,
        1,
        1,
        null,
        null,
        1,
        1,
        null,
        1,
        1,
        1,
        null,
        null,
        null,
        null,
        1,
        1,
        1,
        1,
        1,
        null,
        null,
        null,
        1,
        1,
        1,
        1,
        null,
        null,
        null,
        null
      ],
      "/yzhuang/Projects/heroapp-LetsHire/spec/helpers/candidates_helper_spec.rb": [
        1,
        null,
        null,
        null,
        null,
        null,
        null,
        null,
        null,
        null,
        null,
        null,
        1,
        null
      ],
      "/yzhuang/Projects/heroapp-LetsHire/spec/helpers/interviews_helper_spec.rb": [
        1,
        null,
        null,
        null,
        null,
        null,
        null,
        null,
        null,
        null,
        null,
        null,
        1,
        null
      ],
      "/yzhuang/Projects/heroapp-LetsHire/spec/helpers/stub_dashboard_helper_spec.rb": [
        1,
        null,
        null,
        null,
        null,
        null,
        null,
        null,
        null,
        null,
        null,
        null,
        1,
        1,
        null
      ],
      "/yzhuang/Projects/heroapp-LetsHire/spec/helpers/users_helper_spec.rb": [
        1,
        null,
        null,
        null,
        null,
        null,
        null,
        null,
        null,
        null,
        null,
        null,
        1,
        null
      ],
      "/yzhuang/Projects/heroapp-LetsHire/spec/models/candidate_spec.rb": [
        1,
        null,
        1,
        1,
        1,
        null,
        null,
        1,
        1,
        null,
        null,
        1,
        1,
        null,
        null,
        1,
        1,
        null,
        null,
        1,
        1,
        null,
        null
      ],
      "/yzhuang/Projects/heroapp-LetsHire/spec/models/department_spec.rb": [
        1,
        null,
        1,
        1,
        1,
        null,
        null,
        1,
        1,
        1,
        1,
        null,
        null,
        null,
        null,
        null
      ],
      "/yzhuang/Projects/heroapp-LetsHire/spec/models/interview_spec.rb": [
        1,
        null,
        1,
        1,
        1,
        1,
        1,
        null,
        null,
        1,
        1,
        1,
        1,
        1,
        1,
        1,
        null,
        null,
        1,
        1,
        1,
        1,
        null,
        null,
        1,
        1,
        1,
        1,
        null,
        null,
        1,
        1,
        1,
        1,
        null,
        null,
        1,
        1,
        1,
        1,
        null,
        null,
        1,
        1,
        null,
        null,
        null,
        null,
        1,
        null,
        null,
        1,
        null,
        null,
        null,
        1,
        null,
        null,
        1,
        null,
        null,
        null,
        null,
        null,
        null,
        null,
        null,
        null,
        null,
        5,
        null,
        null,
        1,
        1,
        1,
        1,
        1,
        1,
        3,
        null,
        null,
        null,
        1,
        4,
        null,
        null,
        1,
        4,
        1,
        1,
        null,
        null,
        1,
        4,
        1,
        1,
        3,
        1,
        1,
        1,
        3,
        null,
        null,
        1,
        3,
        1,
        1,
        3,
        3,
        1,
        1,
        3,
        3,
        null,
        null,
        1,
        4,
        1,
        null,
        null,
        null
      ],
      "/yzhuang/Projects/heroapp-LetsHire/spec/models/interviewer_spec.rb": [
        1,
        null,
        1,
        null
      ],
      "/yzhuang/Projects/heroapp-LetsHire/spec/models/opening_candidate_spec.rb": [
        1,
        null,
        1,
        1,
        1,
        null,
        null,
        1,
        1,
        null,
        null,
        1,
        1,
        null,
        null
      ],
      "/yzhuang/Projects/heroapp-LetsHire/spec/models/opening_spec.rb": [
        1,
        null,
        1,
        1,
        1,
        null,
        null,
        1,
        1,
        null,
        null,
        1,
        1,
        1,
        1,
        null,
        null,
        1,
        1,
        1,
        1,
        null,
        null,
        null
      ],
      "/yzhuang/Projects/heroapp-LetsHire/spec/models/user_spec.rb": [
        1,
        1,
        null,
        1,
        1,
        1,
        null,
        null,
        1,
        1,
        null,
        null,
        1,
        1,
        1,
        null,
        null,
        1,
        1,
        null,
        null,
        1,
        1,
        null,
        null,
        1,
        1,
        null,
        null,
        1,
        21,
        21,
        1,
        null,
        1,
        4,
        2,
        2,
        2,
        null,
        null,
        1,
        4,
        2,
        2,
        2,
        null,
        null,
        1,
        1,
        3,
        3,
        3,
        null,
        2,
        2,
        2,
        null,
        null,
        1,
        1,
        4,
        4,
        4,
        null,
        2,
        2,
        2,
        2,
        null,
        null,
        1,
        1,
        3,
        3,
        3,
        null,
        2,
        2,
        2,
        null,
        null,
        1,
        1,
        4,
        4,
        4,
        4,
        null,
        2,
        2,
        2,
        2,
        null,
        null,
        null,
        null
      ],
      "/yzhuang/Projects/heroapp-LetsHire/spec/requests/openings_spec.rb": [
        1,
        null,
        1,
        1,
        1,
        null,
        1,
        1,
        null,
        null,
        null
      ],
      "/yzhuang/Projects/heroapp-LetsHire/spec/requests/static_pages_spec.rb": [
        1,
        null,
        1,
        null,
        7,
        null,
        1,
        null,
        3,
        null,
        2,
        null,
        2,
        null,
        null,
        1,
        3,
        2,
        2,
        null,
        null,
        null,
        1,
        3,
        null,
        2,
        2,
        null,
        null
      ],
      "/yzhuang/Projects/heroapp-LetsHire/spec/routing/openings_routing_spec.rb": [
        1,
        null,
        1,
        1,
        null,
        1,
        1,
        null,
        null,
        1,
        1,
        null,
        null,
        1,
        1,
        null,
        null,
        1,
        1,
        null,
        null,
        1,
        1,
        null,
        null,
        1,
        1,
        null,
        null,
        1,
        1,
        null,
        null,
        null,
        null
      ],
      "/yzhuang/Projects/heroapp-LetsHire/spec/views/openings/edit.html.slim_spec.rb": [
        1,
        null,
        1,
        1,
        1,
        null,
        null,
        null,
        null,
        1,
        1,
        null,
        null,
        1,
        1,
        null,
        null,
        null
      ],
      "/yzhuang/Projects/heroapp-LetsHire/spec/views/openings/index.html.slim_spec.rb": [
        1,
        null,
        1,
        null,
        1,
        1,
        3,
        3,
        null,
        null,
        null,
        null,
        null,
        null,
        null,
        null,
        null,
        null,
        null,
        null,
        null,
        null,
        null,
        1,
        1,
        null,
        1,
        1,
        1,
        1,
        1,
        1,
        1,
        null,
        null,
        1,
        1,
        1,
        1,
        1,
        1,
        null,
        null,
        1,
        1,
        1,
        1,
        1,
        1,
        1,
        1,
        null,
        null,
        null
      ],
      "/yzhuang/Projects/heroapp-LetsHire/spec/views/openings/new.html.slim_spec.rb": [
        1,
        null,
        1,
        1,
        1,
        null,
        null,
        null,
        null,
        1,
        1,
        null,
        null,
        1,
        1,
        null,
        null,
        null
      ],
      "/yzhuang/Projects/heroapp-LetsHire/spec/views/openings/show.html.slim_spec.rb": [
        1,
        null,
        1,
        1,
        1,
        null,
        null,
        null,
        null,
        null,
        null,
        null,
        1,
        1,
        null,
        1,
        1,
        null,
        null
      ],
      "/yzhuang/Projects/heroapp-LetsHire/spec/views/stub_dashboard/overview.html.slim_spec.rb": [
        1,
        null,
        1,
        1,
        null
      ]
    },
    "timestamp": 1366206574
  }
}
